<?xml version="1.0" encoding="UTF-8" ?>
<testsuites>
<testsuite name="Caso 6: DañoA=0%, DañoB=0%, DañoC=0%, Velocidad Luz=150%" errors="0" tests="1" failures="0" time="0" timestamp="2015-03-07T09:01:13">
  <testcase classname="Caso 6: DañoA=0%, DañoB=0%, DañoC=0%, Velocidad Luz=150%" name="Deberia tener el resultado: A=150, B=150, C=150, Tiempo Funcionamiento=50" time="0"></testcase>
</testsuite>
</testsuites>