<?xml version="1.0" encoding="UTF-8" ?>
<testsuites>
<testsuite name="Caso 5: DañoA=0%, DañoB=0%, DañoC=100%, Velocidad Luz=80%" errors="0" tests="1" failures="0" time="0.001" timestamp="2015-03-07T09:01:13">
  <testcase classname="Caso 5: DañoA=0%, DañoB=0%, DañoC=100%, Velocidad Luz=80%" name="Deberia tener el resultado: A=120, B=120, C=0, Tiempo Funcionamiento=80" time="0.001"></testcase>
</testsuite>
</testsuites>